<?xml version="1.0" encoding="UTF-8"?>
<testExecutions version="1">
  <file path="D:\InfoUnityResponse\src\utils\__tests__\offlineStorage.test.js">
    <testCase name="offlineStorage saveReportOffline should save a report to IndexedDB" duration="18"/>
    <testCase name="offlineStorage getPendingReports should return pending reports" duration="4"/>
    <testCase name="offlineStorage updateReportStatus should update a report status" duration="2"/>
    <testCase name="offlineStorage saveFileForOfflineUpload should save file data" duration="4"/>
    <testCase name="offlineStorage getPendingFileUploads should return pending uploads" duration="1"/>
    <testCase name="offlineStorage deleteFileUpload should delete a file upload" duration="2"/>
  </file>
  <file path="D:\InfoUnityResponse\src\views\respondant\__tests__\UserProfile.test.jsx">
  </file>
  <file path="D:\InfoUnityResponse\src\components\__tests__\OfflineAwareContainerMain.test.jsx">
    <testCase name="OfflineAwareContainerMain renders children when online" duration="90"/>
    <testCase name="OfflineAwareContainerMain shows offline message when offline and page not cached" duration="57"/>
    <testCase name="OfflineAwareContainerMain renders children with offline banner when not showing full page" duration="14"/>
  </file>
  <file path="D:\InfoUnityResponse\src\components\__tests__\VerifiedDisasterTable.test.jsx">
    <testCase name="VerifiedDisasterTable renders ongoing disasters table correctly" duration="211"/>
    <testCase name="VerifiedDisasterTable renders closed disasters table correctly" duration="36"/>
    <testCase name="VerifiedDisasterTable shows &quot;No ongoing disasters found&quot; when there are none" duration="18"/>
    <testCase name="VerifiedDisasterTable shows &quot;No closed disasters found&quot; when there are none" duration="10"/>
    <testCase name="VerifiedDisasterTable navigates to disaster details when View Details is clicked" duration="36"/>
    <testCase name="VerifiedDisasterTable handles invalid date formats gracefully" duration="14"/>
  </file>
  <file path="D:\InfoUnityResponse\src\components\__tests__\PreLocationSelector.test.jsx">
    <testCase name="PreLocationSelector renders with initial empty state" duration="110"/>
    <testCase name="PreLocationSelector updates when district is selected" duration="174"/>
    <testCase name="PreLocationSelector handles both district and division selection" duration="83"/>
    <testCase name="PreLocationSelector initializes with provided district and division" duration="38"/>
  </file>
  <file path="D:\InfoUnityResponse\src\views\respondant\__tests__\RespondantLanding.test.jsx">
  </file>
  <file path="D:\InfoUnityResponse\src\views\respondant\__tests__\PublicDisasterReport.test.jsx">
  </file>
  <file path="D:\InfoUnityResponse\src\hooks\__tests__\useConnectivity.test.js">
    <testCase name="useConnectivity hook should initialize with online status" duration="1">
      <failure message="TypeError: Cannot redefine property: onLine"><![CDATA[TypeError: Cannot redefine property: onLine
    at Function.defineProperty (<anonymous>)
    at Object.defineProperty (D:\InfoUnityResponse\src\hooks\__tests__\useConnectivity.test.js:65:16)
    at Promise.then.completed (D:\InfoUnityResponse\node_modules\jest-circus\build\utils.js:298:28)
    at new Promise (<anonymous>)
    at callAsyncCircusFn (D:\InfoUnityResponse\node_modules\jest-circus\build\utils.js:231:10)
    at _callCircusTest (D:\InfoUnityResponse\node_modules\jest-circus\build\run.js:316:40)
    at processTicksAndRejections (node:internal/process/task_queues:95:5)
    at _runTest (D:\InfoUnityResponse\node_modules\jest-circus\build\run.js:252:3)
    at _runTestsForDescribeBlock (D:\InfoUnityResponse\node_modules\jest-circus\build\run.js:126:9)
    at _runTestsForDescribeBlock (D:\InfoUnityResponse\node_modules\jest-circus\build\run.js:121:9)
    at run (D:\InfoUnityResponse\node_modules\jest-circus\build\run.js:71:3)
    at runAndTransformResultsToJestFormat (D:\InfoUnityResponse\node_modules\jest-circus\build\legacy-code-todo-rewrite\jestAdapterInit.js:122:21)
    at jestAdapter (D:\InfoUnityResponse\node_modules\jest-circus\build\legacy-code-todo-rewrite\jestAdapter.js:79:19)
    at runTestInternal (D:\InfoUnityResponse\node_modules\jest-runner\build\runTest.js:367:16)
    at runTest (D:\InfoUnityResponse\node_modules\jest-runner\build\runTest.js:444:34)
    at Object.worker (D:\InfoUnityResponse\node_modules\jest-runner\build\testWorker.js:106:12)]]></failure>
    </testCase>
    <testCase name="useConnectivity hook should respond to online/offline events" duration="6">
      <failure message="Error: expect(jest.fn()).toHaveBeenCalledWith(...expected)"><![CDATA[Error: expect(jest.fn()).toHaveBeenCalledWith(...expected)

Expected: false

Number of calls: 0
    at Object.toHaveBeenCalledWith (D:\InfoUnityResponse\src\hooks\__tests__\useConnectivity.test.js:104:29)
    at Promise.then.completed (D:\InfoUnityResponse\node_modules\jest-circus\build\utils.js:298:28)
    at new Promise (<anonymous>)
    at callAsyncCircusFn (D:\InfoUnityResponse\node_modules\jest-circus\build\utils.js:231:10)
    at _callCircusTest (D:\InfoUnityResponse\node_modules\jest-circus\build\run.js:316:40)
    at processTicksAndRejections (node:internal/process/task_queues:95:5)
    at _runTest (D:\InfoUnityResponse\node_modules\jest-circus\build\run.js:252:3)
    at _runTestsForDescribeBlock (D:\InfoUnityResponse\node_modules\jest-circus\build\run.js:126:9)
    at _runTestsForDescribeBlock (D:\InfoUnityResponse\node_modules\jest-circus\build\run.js:121:9)
    at run (D:\InfoUnityResponse\node_modules\jest-circus\build\run.js:71:3)
    at runAndTransformResultsToJestFormat (D:\InfoUnityResponse\node_modules\jest-circus\build\legacy-code-todo-rewrite\jestAdapterInit.js:122:21)
    at jestAdapter (D:\InfoUnityResponse\node_modules\jest-circus\build\legacy-code-todo-rewrite\jestAdapter.js:79:19)
    at runTestInternal (D:\InfoUnityResponse\node_modules\jest-runner\build\runTest.js:367:16)
    at runTest (D:\InfoUnityResponse\node_modules\jest-runner\build\runTest.js:444:34)
    at Object.worker (D:\InfoUnityResponse\node_modules\jest-runner\build\testWorker.js:106:12)]]></failure>
    </testCase>
    <testCase name="useConnectivity hook should synchronize reports when returning online" duration="7"/>
    <testCase name="useConnectivity hook should not sync when offline" duration="2">
      <failure message="Error: expect(received).toBe(expected) // Object.is equality"><![CDATA[Error: expect(received).toBe(expected) // Object.is equality

Expected: false
Received: true
    at toBe (D:\InfoUnityResponse\src\hooks\__tests__\useConnectivity.test.js:208:41)
    at call (D:\InfoUnityResponse\src\hooks\__tests__\useConnectivity.test.js:2:1)
    at Generator.tryCatch (D:\InfoUnityResponse\src\hooks\__tests__\useConnectivity.test.js:2:1)
    at Generator._invoke [as next] (D:\InfoUnityResponse\src\hooks\__tests__\useConnectivity.test.js:2:1)
    at asyncGeneratorStep (D:\InfoUnityResponse\src\hooks\__tests__\useConnectivity.test.js:2:1)
    at asyncGeneratorStep (D:\InfoUnityResponse\src\hooks\__tests__\useConnectivity.test.js:2:1)
    at _next (D:\InfoUnityResponse\src\hooks\__tests__\useConnectivity.test.js:2:1)
    at new Promise (<anonymous>)
    at Object.<anonymous> (D:\InfoUnityResponse\src\hooks\__tests__\useConnectivity.test.js:2:1)
    at Promise.then.completed (D:\InfoUnityResponse\node_modules\jest-circus\build\utils.js:298:28)
    at new Promise (<anonymous>)
    at callAsyncCircusFn (D:\InfoUnityResponse\node_modules\jest-circus\build\utils.js:231:10)
    at _callCircusTest (D:\InfoUnityResponse\node_modules\jest-circus\build\run.js:316:40)
    at _runTest (D:\InfoUnityResponse\node_modules\jest-circus\build\run.js:252:3)
    at _runTestsForDescribeBlock (D:\InfoUnityResponse\node_modules\jest-circus\build\run.js:126:9)
    at _runTestsForDescribeBlock (D:\InfoUnityResponse\node_modules\jest-circus\build\run.js:121:9)
    at run (D:\InfoUnityResponse\node_modules\jest-circus\build\run.js:71:3)
    at runAndTransformResultsToJestFormat (D:\InfoUnityResponse\node_modules\jest-circus\build\legacy-code-todo-rewrite\jestAdapterInit.js:122:21)
    at jestAdapter (D:\InfoUnityResponse\node_modules\jest-circus\build\legacy-code-todo-rewrite\jestAdapter.js:79:19)
    at runTestInternal (D:\InfoUnityResponse\node_modules\jest-runner\build\runTest.js:367:16)
    at runTest (D:\InfoUnityResponse\node_modules\jest-runner\build\runTest.js:444:34)
    at Object.worker (D:\InfoUnityResponse\node_modules\jest-runner\build\testWorker.js:106:12)]]></failure>
    </testCase>
    <testCase name="useConnectivity hook should handle empty sync correctly" duration="2"/>
  </file>
</testExecutions>